2024-04-15T10:34:25.395Z error: Gagal terkoneksi database mongoDB
2024-04-15T10:34:25.397Z error: The `uri` parameter to `openUri()` must be a string, got "undefined". Make sure the first parameter to `mongoose.connect()` or `mongoose.createConnection()` is a string.
2024-04-15T10:36:17.953Z info: Berhasil terhubung ke database mongoDB
2024-04-15T10:36:41.226Z info: Berhasil terhubung ke database mongoDB
2024-04-15T10:37:11.501Z info: Berhasil terhubung ke database mongoDB
2024-04-15T10:37:20.840Z info: Berhasil terhubung ke database mongoDB
2024-04-15T10:44:44.348Z info: Berhasil terhubung ke database mongoDB
2024-04-15T10:44:50.235Z info: Berhasil terhubung ke database mongoDB
2024-04-15T10:45:17.966Z info: Berhasil terhubung ke database mongoDB
2024-04-15T10:45:23.693Z info: Berhasil terhubung ke database mongoDB
2024-04-15T10:45:32.481Z info: Berhasil terhubung ke database mongoDB
2024-04-15T10:48:10.828Z info: Berhasil terhubung ke database mongoDB
2024-04-15T10:48:15.092Z info: Berhasil terhubung ke database mongoDB
2024-04-15T10:51:50.774Z info: Berhasil terhubung ke database mongoDB
2024-04-15T11:02:07.592Z info: Berhasil terhubung ke database mongoDB
2024-04-15T11:04:04.468Z info: Berhasil terhubung ke database mongoDB
2024-04-15T11:05:44.061Z info: Berhasil terhubung ke database mongoDB
2024-04-15T11:05:48.419Z info: Berhasil terhubung ke database mongoDB
2024-04-15T11:06:39.227Z info: Berhasil terhubung ke database mongoDB
2024-04-15T11:06:47.342Z info: Berhasil terhubung ke database mongoDB
2024-04-15T11:06:49.844Z info: Berhasil terhubung ke database mongoDB
2024-04-15T11:07:13.589Z info: Berhasil terhubung ke database mongoDB
2024-04-15T11:09:06.492Z info: Berhasil terhubung ke database mongoDB
2024-04-15T11:10:53.223Z info: Berhasil terhubung ke database mongoDB
2024-04-15T11:11:04.154Z info: Received a POST request for /user/register
2024-04-15T11:14:02.475Z info: Received a POST request for /user/register
2024-04-15T11:15:13.848Z info: Berhasil terhubung ke database mongoDB
2024-04-15T11:15:15.814Z info: Berhasil terhubung ke database mongoDB
2024-04-15T11:15:27.532Z info: Received a POST request for /user/register
2024-04-15T11:15:41.693Z info: Received a POST request for /user/register
2024-04-15T11:19:11.319Z info: Received a POST request for /user/register
2024-04-15T11:19:17.686Z info: Received a POST request for /user/register
2024-04-15T11:19:22.822Z info: Received a POST request for /user/register
2024-04-15T11:19:48.668Z info: Received a POST request for /user/register
2024-04-15T11:21:18.577Z info: Received a POST request for /user/register
2024-04-15T11:42:26.643Z info: Received a POST request for /user/register
2024-04-15T12:00:46.155Z info: Received a POST request for /user/signin
2024-04-15T12:00:47.524Z info: Received a POST request for /user/signin
2024-04-15T12:01:12.959Z info: Received a POST request for /user/signin
2024-04-15T12:01:55.199Z info: Received a POST request for /user/signin
2024-04-15T12:03:20.207Z info: Received a POST request for /user/signin
2024-04-15T12:08:08.459Z info: Received a POST request for /user/signin
2024-04-15T12:09:22.343Z info: Received a POST request for /user/signin
2024-04-15T12:12:19.077Z info: Received a POST request for /user/signin
2024-04-15T12:12:21.270Z info: Received a POST request for /user/signin
2024-04-15T12:12:29.184Z info: Received a POST request for /user/signin
2024-04-15T12:15:43.918Z info: Berhasil terhubung ke database mongoDB
2024-04-15T12:15:49.962Z info: Berhasil terhubung ke database mongoDB
2024-04-15T12:15:59.203Z info: Received a POST request for /user/signin
2024-04-15T12:18:14.585Z info: Received a POST request for /user/signin
2024-04-15T12:21:12.256Z info: Received a POST request for /user/signin
2024-04-15T12:25:06.467Z info: Received a POST request for /user/signin
2024-04-16T00:33:49.652Z info: Berhasil terhubung ke database mongoDB
2024-04-16T00:34:18.860Z info: Received a POST request for /user/register
2024-04-16T00:34:30.678Z info: Received a POST request for /user/signin
2024-04-16T02:41:04.591Z info: Berhasil terhubung ke database mongoDB
2024-04-16T03:08:50.482Z info: Received a POST request for /user/signin
2024-04-16T03:08:52.835Z info: Received a POST request for /user/signin
2024-04-16T03:10:51.208Z info: Berhasil terhubung ke database mongoDB
2024-04-16T03:10:54.850Z info: Berhasil terhubung ke database mongoDB
2024-04-16T03:11:02.295Z info: Received a POST request for /user/signin
2024-04-16T03:12:19.877Z info: Received a POST request for /user/signin
2024-04-16T03:12:29.391Z info: Received a POST request for /user/signin
2024-04-16T03:12:32.596Z info: Received a POST request for /user/signin
2024-04-16T03:12:36.876Z info: Received a POST request for /user/signin
2024-04-16T03:12:46.981Z info: Received a POST request for /user/signin
2024-04-16T03:13:07.695Z info: Received a POST request for /user/register
2024-04-16T03:13:12.200Z info: Received a POST request for /user/signin
2024-04-16T03:14:07.407Z info: Berhasil terhubung ke database mongoDB
2024-04-16T03:14:28.850Z info: Received a POST request for /user/signin
2024-04-16T03:14:32.810Z info: Received a POST request for /user/signin
2024-04-16T03:14:37.376Z info: Received a POST request for /user/signin
2024-04-16T03:14:39.584Z info: Received a POST request for /user/signin
2024-04-16T03:16:16.893Z info: Berhasil terhubung ke database mongoDB
2024-04-16T03:16:26.065Z info: Received a POST request for /user/signin
2024-04-16T03:16:35.713Z info: Received a POST request for /user/signin
2024-04-16T03:16:40.833Z info: Berhasil terhubung ke database mongoDB
2024-04-16T03:16:44.538Z info: Received a POST request for /user/signin
2024-04-16T03:17:00.201Z info: Received a POST request for /user/signin
2024-04-16T03:17:02.616Z info: Received a POST request for /user/signin
2024-04-16T03:19:29.212Z info: Berhasil terhubung ke database mongoDB
2024-04-16T03:19:43.488Z info: Received a POST request for /user/signin
2024-04-16T03:20:57.380Z info: Received a POST request for /user/signin
2024-04-16T03:21:53.302Z info: Received a POST request for /user/signin
2024-04-16T03:22:06.076Z info: Received a POST request for /user/signin
2024-04-16T03:24:23.465Z info: Received a POST request for /user/signin
2024-04-16T03:24:48.192Z info: Received a POST request for /user/signin
2024-04-16T03:30:22.080Z info: Received a POST request for /user/signin
2024-04-16T03:30:30.278Z info: Received a POST request for /user/signin
2024-04-16T03:34:19.146Z info: Received a POST request for /user/signin
2024-04-16T03:36:53.977Z info: Received a POST request for /user/signin
2024-04-16T03:37:19.608Z info: Received a POST request for /user/signin
2024-04-16T03:38:16.194Z info: Received a POST request for /user/signin
2024-04-17T04:21:38.964Z info: Berhasil terhubung ke database mongoDB
2024-04-17T04:33:56.398Z info: Received a POST request for /user/register
2024-04-17T04:34:04.868Z info: Received a POST request for /user/register
2024-04-17T04:35:10.862Z info: Received a POST request for /user/register
2024-04-17T04:35:36.580Z info: Berhasil terhubung ke database mongoDB
2024-04-17T04:35:38.510Z info: Received a POST request for /user/register
2024-04-17T04:35:50.217Z info: Received a POST request for /user/signin
2024-04-17T04:38:20.861Z info: Received a POST request for /user/register
2024-04-17T04:38:27.896Z info: Received a POST request for /user/register
2024-04-17T04:38:59.551Z info: Received a POST request for /user/signin
2024-04-17T04:39:33.665Z info: Received a POST request for /user/signin
2024-04-17T04:39:42.531Z info: Received a POST request for /user/signin
2024-04-17T04:41:43.864Z info: Berhasil terhubung ke database mongoDB
2024-04-17T04:58:00.609Z info: Received a POST request for /user/signin
2024-04-17T04:58:05.574Z info: Received a POST request for /user/signin
2024-04-17T04:58:52.864Z info: Received a POST request for /user/register
2024-04-17T04:59:01.645Z info: Received a POST request for /user/signin
2024-04-17T04:59:03.291Z info: Received a POST request for /user/signin
2024-04-17T04:59:09.153Z info: Received a POST request for /user/signin
2024-04-17T06:00:22.717Z info: Received a POST request for /user/signin
2024-04-17T06:01:39.739Z info: Berhasil terhubung ke database mongoDB
2024-04-17T06:01:41.009Z info: Berhasil terhubung ke database mongoDB
2024-04-17T06:01:48.685Z info: Berhasil terhubung ke database mongoDB
2024-04-17T06:01:55.936Z info: Received a POST request for /user/signin
2024-04-17T06:02:03.484Z info: Received a POST request for /user/signin
2024-04-17T06:02:25.178Z info: Received a POST request for /user/signin
2024-04-17T06:02:36.470Z info: Received a POST request for /user/signin
2024-04-17T06:02:43.183Z info: Received a POST request for /user/signin
2024-04-17T06:07:47.956Z info: Received a POST request for /user/signin
2024-04-30T12:49:36.024Z info: Berhasil terhubung ke database mongoDB
2024-04-30T12:52:16.656Z info: Received a POST request for /user/signin
2024-04-30T12:52:59.217Z info: Received a POST request for /user/register
2024-04-30T12:54:32.108Z info: Received a POST request for /user/register
2024-04-30T13:04:09.235Z info: Berhasil terhubung ke database mongoDB
2024-04-30T13:04:10.007Z info: Berhasil terhubung ke database mongoDB
2024-04-30T13:04:12.715Z info: Berhasil terhubung ke database mongoDB
2024-04-30T13:04:41.693Z info: Berhasil terhubung ke database mongoDB
2024-04-30T13:06:38.187Z info: Berhasil terhubung ke database mongoDB
2024-04-30T13:08:46.982Z info: Berhasil terhubung ke database mongoDB
2024-04-30T13:08:56.751Z info: Berhasil terhubung ke database mongoDB
2024-04-30T13:09:04.139Z info: Berhasil terhubung ke database mongoDB
2024-04-30T13:10:45.897Z info: Berhasil terhubung ke database mongoDB
2024-04-30T13:11:12.148Z info: Berhasil terhubung ke database mongoDB
2024-04-30T13:11:13.716Z info: Berhasil terhubung ke database mongoDB
2024-04-30T13:11:19.334Z info: Berhasil terhubung ke database mongoDB
2024-04-30T13:11:40.045Z info: Berhasil terhubung ke database mongoDB
2024-04-30T13:11:46.834Z info: Received a POST request for /user/signin
2024-04-30T13:11:48.477Z info: Received a POST request for /user/signin
2024-04-30T13:12:31.182Z info: Berhasil terhubung ke database mongoDB
2024-04-30T13:12:38.120Z info: Received a POST request for /user/signin
2024-04-30T13:14:35.101Z info: Berhasil terhubung ke database mongoDB
2024-04-30T13:14:39.587Z info: Berhasil terhubung ke database mongoDB
2024-04-30T13:14:41.281Z info: Berhasil terhubung ke database mongoDB
2024-04-30T13:14:45.890Z info: Received a POST request for /user/signin
2024-04-30T13:14:47.205Z info: Received a POST request for /user/signin
2024-04-30T13:14:50.725Z info: Received a POST request for /user/signin
2024-04-30T13:15:17.916Z info: Received a POST request for /user/signin
2024-04-30T13:15:30.021Z info: Berhasil terhubung ke database mongoDB
2024-04-30T13:15:30.756Z info: Received a POST request for /user/signin
2024-04-30T13:17:02.882Z info: Berhasil terhubung ke database mongoDB
2024-04-30T13:17:13.665Z info: Received a POST request for /user/signin
2024-04-30T13:18:55.178Z info: Berhasil terhubung ke database mongoDB
2024-04-30T13:19:10.250Z info: Berhasil terhubung ke database mongoDB
2024-04-30T13:19:13.540Z info: Received a POST request for /user/signin
2024-04-30T13:20:19.833Z info: Berhasil terhubung ke database mongoDB
2024-04-30T13:20:56.657Z info: Berhasil terhubung ke database mongoDB
2024-04-30T13:21:00.520Z info: Berhasil terhubung ke database mongoDB
2024-04-30T13:21:07.008Z info: Berhasil terhubung ke database mongoDB
2024-04-30T13:21:08.060Z info: Received a POST request for /user/signin
2024-04-30T13:21:59.715Z info: Berhasil terhubung ke database mongoDB
2024-04-30T13:22:00.831Z info: Received a POST request for /user/signin
2024-04-30T13:22:06.277Z info: Berhasil terhubung ke database mongoDB
2024-04-30T13:22:06.987Z info: Received a POST request for /user/signin
2024-04-30T13:22:14.166Z info: Received a POST request for /user/signin
2024-04-30T13:22:48.139Z info: Berhasil terhubung ke database mongoDB
2024-04-30T13:22:55.886Z info: Berhasil terhubung ke database mongoDB
2024-04-30T13:23:02.434Z info: Berhasil terhubung ke database mongoDB
2024-04-30T13:23:06.355Z info: Received a POST request for /user/signin
2024-04-30T13:23:16.174Z info: Berhasil terhubung ke database mongoDB
2024-04-30T13:23:28.291Z info: Received a POST request for /user/signin
2024-04-30T13:25:19.761Z info: Received a POST request for /user/signin
2024-04-30T13:25:35.934Z info: Received a POST request for /user/signin
2024-04-30T13:26:47.396Z info: Received a POST request for /user/signin
2024-04-30T13:27:49.658Z info: Berhasil terhubung ke database mongoDB
2024-04-30T13:27:52.616Z info: Berhasil terhubung ke database mongoDB
2024-04-30T13:27:59.974Z info: Berhasil terhubung ke database mongoDB
2024-04-30T13:28:09.970Z info: Berhasil terhubung ke database mongoDB
2024-04-30T13:28:13.912Z info: Received a POST request for /user/signin
2024-04-30T13:29:30.494Z info: Received a POST request for /user/signin
2024-04-30T13:30:29.103Z info: Received a POST request for /user/signin
2024-04-30T13:30:45.562Z info: Received a POST request for /user/signin
2024-04-30T13:31:31.093Z info: Received a POST request for /user/signin
2024-04-30T13:31:39.099Z info: Received a POST request for /user/signin
2024-04-30T13:32:52.802Z info: Received a POST request for /user/signin
2024-04-30T13:32:59.730Z info: Received a POST request for /user/signin
2024-04-30T13:36:11.647Z info: Received a POST request for /user/signin
2024-04-30T13:36:54.473Z info: Received a POST request for /user/signin
2024-04-30T13:48:02.450Z info: Berhasil terhubung ke database mongoDB
2024-04-30T13:48:13.859Z info: Berhasil terhubung ke database mongoDB
2024-04-30T13:48:22.454Z info: Berhasil terhubung ke database mongoDB
2024-04-30T13:48:35.246Z info: Received a POST request for /user/signin
2024-04-30T13:49:10.707Z info: Berhasil terhubung ke database mongoDB
2024-04-30T13:49:21.008Z info: Received a POST request for /user/signin
2024-04-30T13:49:22.651Z info: Received a POST request for /user/signin
2024-04-30T13:49:30.890Z info: Received a POST request for /user/signin
2024-04-30T13:49:46.346Z info: Received a POST request for /user/signin
2024-04-30T13:49:55.615Z info: Received a POST request for /user/signin
2024-04-30T13:51:24.604Z info: Received a POST request for /user/signin
2024-04-30T13:51:26.468Z info: Received a POST request for /user/signin
2024-04-30T13:51:33.428Z info: Received a POST request for /user/signin
2024-04-30T13:51:33.728Z info: Received a POST request for /user/signin
2024-04-30T13:51:33.937Z info: Received a POST request for /user/signin
2024-04-30T13:51:47.760Z info: Received a POST request for /user/signin
2024-04-30T13:51:48.681Z info: Received a POST request for /user/signin
2024-04-30T13:51:58.036Z info: Received a POST request for /user/signin
2024-04-30T13:51:59.279Z info: Received a POST request for /user/signin
2024-04-30T13:51:59.495Z info: Received a POST request for /user/signin
2024-04-30T13:51:59.723Z info: Received a POST request for /user/signin
2024-04-30T13:53:39.168Z info: Received a POST request for /user/signin
2024-04-30T13:59:45.675Z info: Received a POST request for /user/signin
2024-04-30T14:05:26.000Z info: Received a POST request for /user/signin
2024-04-30T14:06:23.960Z info: Berhasil terhubung ke database mongoDB
2024-04-30T14:06:42.132Z info: Received a POST request for /user/signin
2024-04-30T14:10:46.974Z info: Berhasil terhubung ke database mongoDB
2024-04-30T14:11:22.149Z info: Received a POST request for /user/signin
2024-04-30T14:17:22.933Z info: Berhasil terhubung ke database mongoDB
2024-04-30T14:19:34.070Z info: Received a POST request for /user/signin
2024-05-01T03:07:09.417Z info: Berhasil terhubung ke database mongoDB
2024-05-01T03:08:51.587Z info: Received a POST request for /user/signin
2024-05-01T03:10:02.200Z info: Received a POST request for /user/signin
2024-05-01T03:26:34.568Z info: Received a POST request for /user/signin
2024-05-01T03:32:50.263Z info: Received a POST request for /user/signin
2024-05-01T03:34:44.498Z info: Received a POST request for /user/signin
2024-05-01T03:39:45.662Z info: Received a POST request for /user/signin
2024-05-01T04:08:10.309Z info: Received a POST request for /user/register
2024-05-01T04:08:31.953Z info: Received a POST request for /user/signin
2024-05-01T04:11:30.744Z info: Received a POST request for /user/signin
2024-05-01T04:12:40.348Z info: Received a POST request for /user/signin
2024-05-01T04:12:53.165Z info: Received a POST request for /user/signin
2024-05-01T04:14:59.706Z info: Received a POST request for /user/signin
2024-05-01T04:18:02.929Z info: Received a POST request for /user/signin
2024-05-02T02:22:40.596Z info: Berhasil terhubung ke database mongoDB
2024-05-02T02:23:50.243Z info: Received a POST request for /user/signin
2024-05-02T02:32:18.205Z info: Received a POST request for /user/signin
2024-05-02T02:33:59.300Z info: Received a POST request for /user/signin
2024-05-02T02:36:45.461Z info: Received a POST request for /user/signin
2024-05-02T02:39:31.597Z info: Received a POST request for /user/signin
2024-05-02T02:39:57.106Z info: Received a POST request for /user/signin
2024-05-02T02:41:22.422Z info: Received a POST request for /user/signin
2024-05-02T02:44:35.939Z info: Received a POST request for /user/signin
2024-05-02T02:46:57.951Z info: Received a POST request for /user/signin
2024-05-02T02:53:55.554Z info: Received a POST request for /user/signin
2024-05-02T02:56:14.903Z info: Received a POST request for /user/signin
2024-05-02T02:58:48.582Z info: Received a POST request for /user/signin
2024-05-02T03:00:10.057Z info: Received a POST request for /user/signin
2024-05-02T03:00:27.744Z info: Received a POST request for /user/signin
2024-05-02T03:16:32.936Z info: Berhasil terhubung ke database mongoDB
2024-05-02T03:17:22.759Z info: Received a POST request for /user/signin
2024-05-02T03:40:43.781Z info: Received a POST request for /user/signin
2024-05-02T03:41:20.935Z info: Received a POST request for /user/signin
2024-05-02T03:41:52.862Z info: Received a POST request for /user/signin
2024-05-02T04:23:03.427Z info: Received a POST request for /user/signin
2024-05-02T07:04:02.603Z info: Received a POST request for /user/signin
2024-05-02T07:11:24.716Z info: Received a POST request for /user/signin
2024-05-02T07:14:24.804Z info: Received a POST request for /user/signin
2024-05-02T07:14:43.649Z info: Received a POST request for /user/signin
2024-05-02T07:20:09.102Z info: Received a POST request for /user/signin
2024-05-02T07:23:05.480Z info: Received a POST request for /user/signin
2024-05-02T07:23:14.809Z info: Received a POST request for /user/signin
2024-05-02T07:29:32.626Z info: Received a POST request for /user/signin
2024-05-02T07:45:05.927Z info: Received a POST request for /user/signin
2024-05-02T07:46:45.698Z info: Received a POST request for /user/signin
2024-05-02T07:47:46.302Z info: Received a POST request for /user/signin
2024-05-02T07:59:31.320Z info: Received a POST request for /user/signin
2024-05-02T08:02:23.281Z info: Received a POST request for /user/signin
2024-05-02T08:14:03.551Z info: Received a POST request for /user/signin
2024-05-02T08:16:58.595Z info: Received a POST request for /user/signin
2024-05-02T12:55:19.424Z info: Berhasil terhubung ke database mongoDB
2024-05-02T13:01:50.579Z info: Received a POST request for /user/signin
2024-05-02T13:02:40.601Z info: Received a POST request for /user/signin
2024-05-02T13:02:59.426Z info: Received a POST request for /user/signin
2024-05-02T13:03:35.504Z info: Received a POST request for /user/signin
2024-05-02T13:07:47.544Z info: Received a POST request for /user/signin
2024-05-02T13:33:44.120Z info: Received a POST request for /user/signin
2024-05-02T13:34:31.558Z info: Received a POST request for /user/signin
2024-05-02T13:35:55.170Z info: Received a POST request for /user/signin
2024-05-02T13:36:57.049Z info: Received a POST request for /user/signin
2024-05-02T13:39:53.168Z info: Received a POST request for /user/signin
2024-05-02T14:27:18.673Z info: Received a POST request for /user/register
2024-05-02T14:27:49.436Z info: Received a POST request for /user/signin
2024-05-02T14:28:20.373Z info: Received a POST request for /user/signin
2024-05-02T14:31:18.659Z info: Received a POST request for /user/signin
2024-05-02T14:33:09.054Z info: Received a POST request for /user/signin
2024-05-02T14:40:02.288Z info: Received a POST request for /user/signin
2024-05-02T14:41:15.609Z info: Received a POST request for /user/signin
2024-05-03T01:53:02.459Z info: Berhasil terhubung ke database mongoDB
2024-05-03T01:53:29.326Z info: Received a POST request for /user/signin
2024-05-03T12:47:45.304Z info: Berhasil terhubung ke database mongoDB
2024-05-03T14:07:55.213Z info: Received a POST request for /user/signin
2024-05-03T14:40:47.072Z info: Received a POST request for /user/signin
2024-05-04T00:37:57.311Z info: Received a POST request for /user/signin
2024-05-04T00:56:36.228Z info: Received a POST request for /user/signin
2024-05-04T01:13:32.027Z info: Received a POST request for /user/signin
2024-05-04T01:17:19.113Z info: Received a POST request for /user/signin
2024-05-04T01:19:40.726Z info: Received a POST request for /user/signin
2024-05-04T03:55:46.785Z info: Received a POST request for /user/signin
2024-05-04T04:19:15.050Z info: Received a POST request for /user/signin
2024-05-04T04:19:22.771Z info: Received a POST request for /user/signin
2024-05-04T07:14:27.683Z info: Berhasil terhubung ke database mongoDB
2024-05-04T07:14:54.345Z info: Berhasil terhubung ke database mongoDB
2024-05-04T07:14:55.906Z info: Berhasil terhubung ke database mongoDB
2024-05-04T07:15:11.688Z info: Berhasil terhubung ke database mongoDB
2024-05-04T07:15:29.897Z info: Received a POST request for /user/signin
2024-05-04T07:30:59.080Z info: Received a POST request for /user/signin
2024-05-04T07:40:39.862Z info: Received a POST request for /user/signin
2024-05-04T07:40:57.163Z info: Received a POST request for /user/signin
2024-05-04T07:41:31.710Z info: Berhasil terhubung ke database mongoDB
2024-05-04T07:41:36.306Z info: Received a POST request for /user/signin
2024-05-04T09:11:35.747Z info: Received a POST request for /user/signin
2024-05-04T09:15:24.119Z info: Received a POST request for /user/signin
2024-05-04T09:17:36.975Z info: Received a POST request for /user/signin
2024-05-04T09:19:49.595Z info: Received a POST request for /user/signin
2024-05-04T09:21:21.819Z info: Received a POST request for /user/signin
2024-05-06T03:00:39.487Z info: Berhasil terhubung ke database mongoDB
2024-05-06T03:00:57.620Z info: Received a POST request for /user/signin
2024-05-06T03:02:24.613Z info: Berhasil terhubung ke database mongoDB
2024-05-06T03:02:31.400Z info: Berhasil terhubung ke database mongoDB
2024-05-06T03:02:42.815Z info: Berhasil terhubung ke database mongoDB
2024-05-06T03:02:45.885Z info: Berhasil terhubung ke database mongoDB
2024-05-06T03:05:13.472Z info: Received a GET request for /user/list
2024-05-06T03:05:16.966Z info: Received a GET request for /user/list
2024-05-06T03:05:28.403Z info: Received a GET request for /user/list
2024-05-06T03:07:16.439Z info: Received a GET request for /user/signin
2024-05-06T03:07:25.032Z info: Received a GET request for /user/list
2024-05-06T03:07:33.018Z info: Received a GET request for /user/list
2024-05-06T03:07:57.416Z info: Received a GET request for /user/list
2024-05-06T03:08:00.947Z info: Received a GET request for /user/list
2024-05-06T03:09:10.395Z info: Received a GET request for /user/list
2024-05-06T03:09:28.277Z info: Received a GET request for /user/list
2024-05-06T03:09:33.877Z info: Received a GET request for /user/list
2024-05-06T03:10:53.308Z info: Received a GET request for /user/list
2024-05-06T03:11:03.350Z info: Received a GET request for /user/list
2024-05-06T03:11:45.398Z info: Received a GET request for /user/list
2024-05-06T03:11:53.400Z info: Received a GET request for /user/list
2024-05-06T03:13:19.399Z info: Received a GET request for /user/list
2024-05-06T03:13:59.615Z info: Berhasil terhubung ke database mongoDB
2024-05-06T03:15:22.264Z info: Berhasil terhubung ke database mongoDB
2024-05-06T03:15:25.935Z info: Berhasil terhubung ke database mongoDB
2024-05-06T03:15:38.439Z info: Berhasil terhubung ke database mongoDB
2024-05-06T03:15:41.985Z info: Berhasil terhubung ke database mongoDB
2024-05-06T03:16:41.402Z info: Received a GET request for /user/list
2024-05-06T03:17:04.658Z info: Received a POST request for /user/register
2024-05-06T03:17:04.839Z info: Received a GET request for /user/list
2024-05-06T03:17:08.967Z info: Received a GET request for /user/list
2024-05-06T03:17:23.359Z info: Received a PUT request for /user/edit/66384bb02887e9d92e1c3623
2024-05-06T03:17:27.476Z info: Received a PUT request for /user/edit/66384bb02887e9d92e1c3623
2024-05-06T03:17:52.322Z info: Received a PUT request for /user/edit/66384bb02887e9d92e1c3623
2024-05-06T03:18:08.438Z info: Received a PUT request for /user/edit/66384bb02887e9d92e1c3623
2024-05-06T03:18:24.027Z info: Berhasil terhubung ke database mongoDB
2024-05-06T03:18:26.525Z info: Received a PUT request for /user/edit/66384bb02887e9d92e1c3623
2024-05-06T03:19:19.049Z info: Berhasil terhubung ke database mongoDB
2024-05-06T03:20:21.415Z info: Received a GET request for /user/list
2024-05-06T03:20:22.403Z info: Received a GET request for /user/list
2024-05-06T03:20:34.683Z info: Received a PUT request for /user/edit/66384bb02887e9d92e1c3623
2024-05-06T03:20:51.806Z info: Received a GET request for /user/list
2024-05-06T03:21:10.137Z info: Received a POST request for /user/register
2024-05-06T03:21:10.287Z info: Received a GET request for /user/list
2024-05-06T03:21:21.436Z info: Received a PUT request for /user/edit/66384ca6907865556acd0b07
2024-05-06T03:21:31.841Z info: Received a PUT request for /user/edit/66384ca6907865556acd0b07
2024-05-06T03:21:37.356Z info: Received a GET request for /user/list
2024-05-06T03:22:37.418Z info: Berhasil terhubung ke database mongoDB
2024-05-06T03:22:40.045Z info: Berhasil terhubung ke database mongoDB
2024-05-06T03:22:43.919Z info: Berhasil terhubung ke database mongoDB
2024-05-06T03:22:51.925Z info: Berhasil terhubung ke database mongoDB
2024-05-06T03:22:55.043Z info: Berhasil terhubung ke database mongoDB
2024-05-06T03:23:03.662Z info: Berhasil terhubung ke database mongoDB
2024-05-06T03:23:11.409Z info: Received a PUT request for /user/edit/66384bb02887e9d92e1c3623
2024-05-06T03:24:27.417Z info: Received a GET request for /user/list
2024-05-06T03:24:35.245Z info: Received a GET request for /user/list
2024-05-06T03:24:37.158Z info: Received a DELETE request for /user/delete/66384bb02887e9d92e1c3623
2024-05-06T03:26:17.552Z info: Berhasil terhubung ke database mongoDB
2024-05-06T03:26:22.984Z info: Berhasil terhubung ke database mongoDB
2024-05-06T03:26:38.778Z info: Berhasil terhubung ke database mongoDB
2024-05-06T03:26:41.878Z info: Received a GET request for /user/list
2024-05-06T03:26:44.115Z info: Received a DELETE request for /user/delete/66384bb02887e9d92e1c3623
2024-05-06T03:26:44.141Z info: Received a GET request for /user/list
2024-05-06T03:26:55.107Z info: Received a PUT request for /user/edit/66384ca6907865556acd0b07
2024-05-06T03:26:55.234Z info: Received a GET request for /user/list
2024-05-06T03:27:10.487Z info: Received a GET request for /user/list
2024-05-06T03:27:16.568Z info: Received a PUT request for /user/edit/66384ca6907865556acd0b07
2024-05-06T03:27:16.716Z info: Received a GET request for /user/list
2024-05-06T03:27:34.405Z info: Received a PUT request for /user/edit/66384ca6907865556acd0b07
2024-05-06T03:27:34.558Z info: Received a GET request for /user/list
2024-05-06T03:29:00.396Z info: Received a GET request for /user/list
2024-05-06T03:29:08.151Z info: Received a PUT request for /user/edit/66384ca6907865556acd0b07
2024-05-06T03:29:08.230Z info: Received a GET request for /user/list
2024-05-06T03:29:47.242Z info: Received a PUT request for /user/edit/66384ca6907865556acd0b07
2024-05-06T03:29:47.362Z info: Received a GET request for /user/list
2024-05-06T03:29:52.757Z info: Received a PUT request for /user/edit/66384ca6907865556acd0b07
2024-05-06T03:29:52.867Z info: Received a GET request for /user/list
2024-05-06T03:29:58.062Z info: Received a PUT request for /user/edit/66384ca6907865556acd0b07
2024-05-06T03:29:58.173Z info: Received a GET request for /user/list
2024-05-06T03:30:35.405Z info: Received a GET request for /user/list
2024-05-06T03:31:58.405Z info: Received a GET request for /user/list
2024-05-06T03:32:01.455Z info: Received a GET request for /user/list
2024-05-06T03:32:24.391Z info: Received a PUT request for /user/edit/66384ca6907865556acd0b07
2024-05-06T03:32:24.512Z info: Received a GET request for /user/list
2024-05-06T03:33:29.867Z info: Berhasil terhubung ke database mongoDB
2024-05-06T03:33:34.862Z info: Received a GET request for /user/list
2024-05-06T03:33:45.856Z info: Received a PUT request for /user/edit/66384ca6907865556acd0b07
2024-05-06T03:33:46.015Z info: Received a GET request for /user/list
2024-05-06T03:34:11.043Z info: Received a POST request for /user/signin
2024-05-06T03:34:45.593Z info: Berhasil terhubung ke database mongoDB
2024-05-06T03:34:47.888Z info: Received a POST request for /user/signin
2024-05-06T03:34:49.594Z info: Received a GET request for /user/list
2024-05-06T03:35:29.406Z info: Received a GET request for /user/list
2024-05-06T03:35:32.283Z info: Received a GET request for /user/list
2024-05-06T03:35:44.891Z info: Received a GET request for /user/list
2024-05-06T03:35:56.405Z info: Received a GET request for /user/list
2024-05-06T03:36:03.396Z info: Received a GET request for /user/list
2024-05-06T03:36:06.767Z info: Received a GET request for /user/list
2024-05-06T03:37:22.185Z info: Received a GET request for /user/list
2024-05-06T03:37:30.541Z info: Received a PUT request for /user/edit/66384ca6907865556acd0b07
2024-05-06T03:37:30.620Z info: Received a GET request for /user/list
2024-05-06T03:37:41.469Z info: Received a POST request for /user/signin
2024-05-06T03:38:06.613Z info: Received a POST request for /user/signin
2024-05-06T03:39:10.189Z info: Received a POST request for /user/signin
2024-05-06T03:39:45.119Z info: Received a POST request for /user/signin
2024-05-06T03:39:53.874Z info: Received a POST request for /user/signin
2024-05-06T03:39:55.294Z info: Received a GET request for /user/list
2024-05-06T03:40:04.461Z info: Received a PUT request for /user/edit/66384ca6907865556acd0b07
2024-05-06T03:40:04.534Z info: Received a GET request for /user/list
2024-05-06T03:40:13.157Z info: Received a POST request for /user/signin
2024-05-06T03:40:30.423Z info: Received a POST request for /user/signin
2024-05-06T03:40:32.021Z info: Received a GET request for /user/list
2024-05-06T03:42:54.401Z info: Received a GET request for /user/list
2024-05-06T03:42:56.833Z info: Received a GET request for /user/list
2024-05-06T04:01:41.523Z info: Received a GET request for /user/list
2024-05-06T04:01:44.107Z info: Received a GET request for /user/list
2024-05-06T04:02:18.281Z info: Received a POST request for /user/register
2024-05-06T04:02:18.400Z info: Received a GET request for /user/list
2024-05-06T04:02:31.699Z info: Received a PUT request for /user/edit/6638564a702654744b5921d9
2024-05-06T04:02:31.777Z info: Received a GET request for /user/list
2024-05-06T04:02:39.911Z info: Received a DELETE request for /user/delete/6638564a702654744b5921d9
2024-05-06T04:02:39.921Z info: Received a GET request for /user/list
2024-05-06T04:06:36.750Z info: Received a GET request for /user/list
2024-05-06T04:06:40.177Z info: Received a GET request for /user/list
2024-05-06T04:06:41.136Z info: Received a GET request for /user/list
2024-05-06T04:06:42.501Z info: Received a GET request for /user/list
2024-05-06T04:06:43.387Z info: Received a GET request for /user/list
2024-05-06T04:06:43.582Z info: Received a GET request for /user/list
2024-05-06T04:06:43.773Z info: Received a GET request for /user/list
2024-05-06T04:06:43.997Z info: Received a GET request for /user/list
2024-05-06T04:06:45.051Z info: Received a GET request for /user/list
2024-05-06T04:06:45.780Z info: Received a GET request for /user/list
2024-05-06T04:06:46.007Z info: Received a GET request for /user/list
2024-05-06T04:06:47.648Z info: Received a GET request for /user/list
2024-05-06T04:06:48.821Z info: Received a GET request for /user/list
2024-05-06T04:06:49.238Z info: Received a GET request for /user/list
2024-05-06T04:06:49.455Z info: Received a GET request for /user/list
2024-05-06T04:06:49.681Z info: Received a GET request for /user/list
2024-05-06T04:06:49.906Z info: Received a GET request for /user/list
2024-05-06T04:06:51.062Z info: Received a GET request for /user/list
2024-05-06T04:06:57.564Z info: Received a GET request for /user/list
2024-05-06T04:06:58.018Z info: Received a GET request for /user/list
2024-05-06T04:06:58.177Z info: Received a GET request for /user/list
2024-05-06T04:06:58.393Z info: Received a GET request for /user/list
2024-05-06T04:06:59.077Z info: Received a GET request for /user/list
2024-05-06T04:06:59.223Z info: Received a GET request for /user/list
2024-05-06T04:06:59.377Z info: Received a GET request for /user/list
2024-05-06T04:06:59.602Z info: Received a GET request for /user/list
2024-05-06T04:07:00.272Z info: Received a GET request for /user/list
2024-05-06T04:07:00.428Z info: Received a GET request for /user/list
2024-05-06T04:07:00.585Z info: Received a GET request for /user/list
2024-05-06T04:07:00.763Z info: Received a GET request for /user/list
2024-05-06T04:07:00.980Z info: Received a GET request for /user/list
2024-05-06T04:08:25.418Z info: Received a GET request for /user/list
2024-05-06T04:08:28.887Z info: Received a GET request for /user/list
2024-05-06T04:08:30.891Z info: Received a GET request for /user/list
2024-05-06T04:09:49.089Z info: Berhasil terhubung ke database mongoDB
2024-05-06T04:09:53.343Z info: Berhasil terhubung ke database mongoDB
2024-05-06T04:09:56.214Z info: Received a GET request for /user/list
2024-05-06T04:09:59.162Z info: Received a GET request for /user/list
2024-05-06T04:10:02.817Z info: Received a GET request for /user/list
2024-05-06T04:10:57.403Z info: Received a GET request for /user/list
2024-05-06T04:11:01.472Z info: Received a GET request for /user/list
2024-05-06T04:11:04.379Z info: Received a GET request for /user/list?filter=sistem
2024-05-06T04:11:06.782Z info: Received a GET request for /user/list?filter=user
2024-05-06T04:11:10.661Z info: Received a GET request for /user/list
2024-05-06T04:11:23.957Z info: Berhasil terhubung ke database mongoDB
2024-05-06T04:11:24.907Z info: Berhasil terhubung ke database mongoDB
2024-05-06T04:11:27.450Z info: Berhasil terhubung ke database mongoDB
2024-05-06T04:11:31.482Z info: Received a GET request for /user/list
2024-05-06T04:12:30.085Z info: Received a GET request for /user/list?filter=sistem
2024-05-06T04:12:32.393Z info: Received a GET request for /user/list?filter=user
2024-05-06T04:12:48.421Z info: Received a GET request for /user/list
2024-05-06T04:14:32.406Z info: Received a GET request for /user/list
2024-05-06T04:14:44.396Z info: Received a GET request for /user/list
2024-05-06T04:14:50.205Z info: Received a GET request for /user/list
2024-05-06T04:15:08.567Z info: Received a POST request for /user/register
2024-05-06T04:15:08.753Z info: Received a GET request for /user/list
2024-05-06T04:15:16.508Z info: Received a PUT request for /user/edit/6638594cfa417597d8d7c5e0
2024-05-06T04:15:16.666Z info: Received a GET request for /user/list
2024-05-06T04:15:20.452Z info: Received a GET request for /user/list
2024-05-06T04:15:22.611Z info: Received a DELETE request for /user/delete/6638594cfa417597d8d7c5e0
2024-05-06T04:15:22.625Z info: Received a GET request for /user/list
2024-05-06T04:18:02.402Z info: Received a GET request for /user/list
2024-05-06T04:18:16.408Z info: Received a GET request for /user/list
2024-05-06T04:18:42.898Z info: Received a POST request for /user/register
2024-05-06T04:18:43.009Z info: Received a GET request for /user/list
2024-05-06T04:18:50.749Z info: Received a PUT request for /user/edit/66385a22fa417597d8d7c5ed
2024-05-06T04:18:50.848Z info: Received a GET request for /user/list
2024-05-06T04:19:00.473Z info: Received a DELETE request for /user/delete/undefined
2024-05-06T04:19:08.063Z info: Received a GET request for /user/list
2024-05-06T04:19:11.959Z info: Received a DELETE request for /user/delete/undefined
2024-05-06T04:19:39.403Z info: Received a GET request for /user/list
2024-05-06T04:19:45.313Z info: Received a DELETE request for /user/delete/undefined
2024-05-06T04:19:46.346Z info: Received a DELETE request for /user/delete/undefined
2024-05-06T04:20:14.411Z info: Received a GET request for /user/list
2024-05-06T04:20:17.260Z info: Received a GET request for /user/list
2024-05-06T04:20:19.910Z info: Received a DELETE request for /user/delete/undefined
2024-05-06T04:20:51.401Z info: Received a GET request for /user/list
2024-05-06T04:20:55.027Z info: Received a GET request for /user/list
2024-05-06T04:20:57.422Z info: Received a DELETE request for /user/delete/undefined
2024-05-06T04:20:58.578Z info: Received a DELETE request for /user/delete/undefined
2024-05-06T04:20:58.857Z info: Received a DELETE request for /user/delete/undefined
2024-05-06T04:20:59.005Z info: Received a DELETE request for /user/delete/undefined
2024-05-06T04:20:59.140Z info: Received a DELETE request for /user/delete/undefined
2024-05-06T04:20:59.299Z info: Received a DELETE request for /user/delete/undefined
2024-05-06T04:20:59.527Z info: Received a DELETE request for /user/delete/undefined
2024-05-06T04:21:07.694Z info: Received a DELETE request for /user/delete/undefined
2024-05-06T04:21:53.411Z info: Received a GET request for /user/list
2024-05-06T04:21:57.779Z info: Received a GET request for /user/list
2024-05-06T04:23:19.273Z info: Received a GET request for /user/list
2024-05-06T04:23:26.649Z info: Received a DELETE request for /user/delete/66385a22fa417597d8d7c5ed
2024-05-06T04:23:26.658Z info: Received a GET request for /user/list
2024-05-06T04:24:32.421Z info: Received a GET request for /user/list
2024-05-06T04:24:35.333Z info: Received a GET request for /user/list
2024-05-06T04:24:44.410Z info: Received a GET request for /user/list
2024-05-06T04:24:52.409Z info: Received a GET request for /user/list
2024-05-06T04:24:54.815Z info: Received a GET request for /user/list
2024-05-06T04:25:00.754Z info: Received a GET request for /user/list?filter=user
2024-05-06T04:25:16.874Z info: Received a POST request for /user/register
2024-05-06T04:25:16.993Z info: Received a GET request for /user/list?filter=user
2024-05-06T04:25:20.641Z info: Received a GET request for /user/list
2024-05-06T04:25:22.820Z info: Received a DELETE request for /user/delete/66385bacfa417597d8d7c606
2024-05-06T04:25:22.831Z info: Received a GET request for /user/list
2024-05-06T04:25:27.947Z info: Received a GET request for /user/list
2024-05-06T04:26:50.417Z info: Received a GET request for /user/list
2024-05-06T04:27:01.168Z info: Received a GET request for /user/list
2024-05-06T04:27:03.705Z info: Received a GET request for /user/list?filter=sistem
2024-05-06T04:27:05.647Z info: Received a GET request for /user/list?filter=user
2024-05-06T04:27:09.410Z info: Received a GET request for /user/list
2024-05-06T04:30:53.436Z info: Received a GET request for /user/list
2024-05-06T04:31:00.757Z info: Received a GET request for /user/list
2024-05-06T04:31:03.314Z info: Received a GET request for /user/list?filter=sistem
2024-05-06T04:31:05.340Z info: Received a GET request for /user/list?filter=user
2024-05-06T04:31:23.406Z info: Received a GET request for /user/list?filter=user
2024-05-06T04:31:25.414Z info: Received a GET request for /user/list?filter=user
2024-05-06T04:31:28.925Z info: Received a GET request for /user/list
2024-05-06T04:31:33.405Z info: Received a GET request for /user/list
2024-05-06T04:31:35.372Z info: Received a GET request for /user/list
2024-05-06T04:33:17.410Z info: Received a GET request for /user/list
2024-05-06T04:33:20.257Z info: Received a GET request for /user/list
2024-05-06T04:33:22.483Z info: Received a GET request for /user/list?filter=sistem
2024-05-06T04:33:24.458Z info: Received a GET request for /user/list?filter=user
2024-05-06T04:33:32.642Z info: Received a GET request for /user/list?filter=sistem
2024-05-06T04:34:32.401Z info: Received a GET request for /user/list?filter=sistem
2024-05-06T04:34:53.401Z info: Received a GET request for /user/list?filter=sistem
2024-05-06T04:35:30.638Z info: Received a GET request for /user/list
2024-05-06T04:35:35.343Z info: Received a GET request for /user/list?filter=user
2024-05-06T04:35:57.394Z info: Received a GET request for /user/list?filter=user
2024-05-06T04:36:00.408Z info: Received a GET request for /user/list?filter=user
2024-05-06T04:36:06.799Z info: Received a GET request for /user/list
2024-05-06T04:36:08.851Z info: Received a GET request for /user/list?filter=user
2024-05-06T04:36:35.409Z info: Received a GET request for /user/list?filter=user
2024-05-06T04:36:44.434Z info: Received a GET request for /user/list?filter=user
2024-05-06T04:37:46.276Z info: Received a GET request for /user/list
2024-05-06T04:37:49.406Z info: Received a GET request for /user/list
2024-05-06T04:37:53.561Z info: Received a GET request for /user/list
2024-05-06T04:38:08.405Z info: Received a GET request for /user/list
2024-05-06T04:38:12.441Z info: Received a GET request for /user/list
2024-05-06T04:38:14.512Z info: Received a GET request for /user/list?filter=user
2024-05-06T04:38:17.489Z info: Received a GET request for /user/list?filter=sistem
2024-05-06T04:38:59.269Z info: Received a GET request for /user/list?filter=sistem
2024-05-06T04:39:04.322Z info: Received a GET request for /user/list?filter=user
2024-05-06T04:39:10.402Z info: Received a GET request for /user/list?filter=user
2024-05-06T04:39:55.403Z info: Received a GET request for /user/list?filter=user
2024-05-06T04:39:59.343Z info: Received a GET request for /user/list?filter=user
2024-05-06T04:40:08.671Z info: Received a GET request for /user/list?filter=user
2024-05-06T04:40:11.404Z info: Received a GET request for /user/list?filter=user
2024-05-06T04:40:42.406Z info: Received a GET request for /user/list?filter=user
2024-05-06T04:40:46.755Z info: Received a GET request for /user/list?filter=sistem
2024-05-06T04:41:19.406Z info: Received a GET request for /user/list?filter=sistem
2024-05-06T04:41:21.425Z info: Received a GET request for /user/list?filter=sistem
2024-05-06T04:41:34.403Z info: Received a GET request for /user/list?filter=sistem
2024-05-06T04:41:48.402Z info: Received a GET request for /user/list?filter=sistem
2024-05-06T04:42:06.832Z info: Received a GET request for /user/list
2024-05-06T04:42:42.408Z info: Received a GET request for /user/list
2024-05-06T04:42:46.024Z info: Received a DELETE request for /user/delete/66384ca6907865556acd0b07
2024-05-06T04:42:46.044Z info: Received a GET request for /user/list
2024-05-06T04:42:51.785Z info: Received a GET request for /user/list
2024-05-06T04:42:59.154Z info: Received a GET request for /user/list
2024-05-06T04:43:13.349Z info: Received a POST request for /user/signin
2024-05-06T04:43:14.959Z info: Received a GET request for /user/list
2024-05-06T04:43:30.451Z info: Received a POST request for /user/register
2024-05-06T04:43:30.533Z info: Received a GET request for /user/list
2024-05-06T04:43:51.404Z info: Received a GET request for /user/list
2024-05-06T04:43:57.997Z info: Received a GET request for /user/list
2024-05-06T04:44:10.620Z info: Received a POST request for /user/signin
2024-05-06T07:14:10.734Z info: Received a POST request for /user/signin
2024-05-06T07:15:07.898Z info: Berhasil terhubung ke database mongoDB
2024-05-06T07:15:17.824Z info: Received a POST request for /user/signin
2024-05-06T07:15:37.527Z info: Berhasil terhubung ke database mongoDB
2024-05-06T07:15:49.928Z info: Received a POST request for /user/signin
2024-05-06T07:16:14.647Z info: Berhasil terhubung ke database mongoDB
2024-05-06T07:16:16.478Z info: Received a POST request for /user/signin
2024-05-06T07:16:24.272Z info: Received a POST request for /user/signin
2024-05-06T07:16:36.292Z info: Received a POST request for /user/signin
2024-05-06T07:18:15.788Z info: Berhasil terhubung ke database mongoDB
2024-05-06T07:18:22.801Z info: Berhasil terhubung ke database mongoDB
2024-05-06T07:18:27.507Z info: Received a POST request for /user/signin
2024-05-06T07:18:32.899Z info: Received a POST request for /user/signin
2024-05-06T07:18:46.258Z info: Received a POST request for /user/signin
2024-05-06T07:18:54.192Z info: Received a POST request for /user/signin
2024-05-06T07:19:24.214Z info: Berhasil terhubung ke database mongoDB
2024-05-06T07:19:26.755Z info: Berhasil terhubung ke database mongoDB
2024-05-06T07:19:27.937Z info: Received a POST request for /user/signin
2024-05-06T07:19:50.613Z info: Berhasil terhubung ke database mongoDB
2024-05-06T07:19:52.796Z info: Received a POST request for /user/signin
2024-05-06T07:20:58.855Z info: Berhasil terhubung ke database mongoDB
2024-05-06T07:21:02.351Z info: Berhasil terhubung ke database mongoDB
2024-05-06T07:21:04.251Z info: Received a POST request for /user/signin
2024-05-06T07:21:07.736Z info: Received a POST request for /user/signin
2024-05-06T07:21:08.371Z info: Received a POST request for /user/signin
2024-05-06T07:21:08.584Z info: Received a POST request for /user/signin
2024-05-06T07:22:08.939Z info: Berhasil terhubung ke database mongoDB
2024-05-06T07:22:10.738Z info: Received a POST request for /user/signin
2024-05-06T07:22:20.289Z info: Received a POST request for /user/signin
2024-05-06T07:22:20.745Z info: Received a POST request for /user/signin
2024-05-06T07:22:20.929Z info: Received a POST request for /user/signin
2024-05-06T07:22:21.122Z info: Received a POST request for /user/signin
2024-05-06T07:22:24.574Z info: Berhasil terhubung ke database mongoDB
2024-05-06T07:22:32.635Z info: Berhasil terhubung ke database mongoDB
2024-05-06T07:22:33.859Z info: Received a POST request for /user/signin
2024-05-06T07:22:34.572Z info: Received a POST request for /user/signin
2024-05-06T07:22:34.770Z info: Received a POST request for /user/signin
2024-05-06T07:22:34.956Z info: Received a POST request for /user/signin
2024-05-06T07:22:35.150Z info: Received a POST request for /user/signin
2024-05-06T07:22:35.369Z info: Received a POST request for /user/signin
2024-05-06T07:23:32.604Z info: Berhasil terhubung ke database mongoDB
2024-05-06T07:23:35.545Z info: Received a POST request for /user/signin
2024-05-06T07:23:36.709Z info: Received a POST request for /user/signin
2024-05-06T07:23:40.013Z info: Received a POST request for /user/signin
2024-05-06T07:23:46.662Z info: Received a POST request for /user/signin
2024-05-06T07:23:50.246Z info: Received a POST request for /user/signin
2024-05-06T07:23:53.089Z info: Received a POST request for /user/signin
2024-05-06T07:26:10.374Z info: Berhasil terhubung ke database mongoDB
2024-05-06T07:27:23.465Z info: Berhasil terhubung ke database mongoDB
2024-05-06T07:29:34.131Z info: Berhasil terhubung ke database mongoDB
2024-05-06T07:30:02.428Z info: Berhasil terhubung ke database mongoDB
2024-05-06T07:30:15.572Z info: Berhasil terhubung ke database mongoDB
2024-05-06T07:30:34.165Z info: Berhasil terhubung ke database mongoDB
2024-05-06T07:33:10.049Z info: Berhasil terhubung ke database mongoDB
2024-05-06T07:33:36.878Z info: Berhasil terhubung ke database mongoDB
2024-05-06T07:33:41.555Z info: Berhasil terhubung ke database mongoDB
2024-05-06T12:48:15.322Z info: Berhasil terhubung ke database mongoDB
2024-05-06T12:48:51.622Z info: Received a POST request for /user/signin
2024-05-06T12:49:19.898Z info: Received a POST request for /user/signin
2024-05-06T12:49:28.274Z info: Received a POST request for /user/signin
2024-05-06T12:49:30.874Z info: Received a GET request for /user/list
2024-05-06T12:49:35.272Z info: Received a GET request for /user/list?filter=sistem
2024-05-06T12:49:45.044Z info: Received a GET request for /user/list?filter=user
2024-05-06T12:49:56.687Z info: Received a GET request for /user/list?filter=sistem
2024-05-06T12:52:43.535Z info: Received a POST request for /user/register
2024-05-06T12:52:43.693Z info: Received a GET request for /user/list?filter=sistem
2024-05-06T12:53:34.667Z info: Received a PUT request for /user/edit/6638d29bd940e7709d1767b1
2024-05-06T12:53:34.810Z info: Received a GET request for /user/list?filter=sistem
2024-05-06T12:53:50.151Z info: Received a PUT request for /user/edit/6638d29bd940e7709d1767b1
2024-05-06T12:53:50.313Z info: Received a GET request for /user/list?filter=sistem
2024-05-06T12:53:58.818Z info: Received a DELETE request for /user/delete/66385ff2fa417597d8d7c64a
2024-05-06T12:53:58.833Z info: Received a GET request for /user/list?filter=sistem
2024-05-06T12:54:10.146Z info: Received a POST request for /user/signin
2024-05-06T12:54:12.619Z info: Received a GET request for /user/list
2024-05-06T13:06:04.076Z info: Berhasil terhubung ke database mongoDB
2024-05-06T13:06:04.949Z info: Berhasil terhubung ke database mongoDB
2024-05-06T13:09:21.235Z info: Received a POST request for /user/signin
2024-05-06T13:09:21.453Z info: Received a GET request for /pasien/list
2024-05-06T13:09:23.029Z info: Received a GET request for /pasien/list
2024-05-06T13:14:08.309Z info: Received a POST request for /user/signin
2024-05-06T13:17:18.972Z info: Berhasil terhubung ke database mongoDB
2024-05-06T13:18:42.966Z info: Received a POST request for /user/signin
2024-05-06T13:18:53.724Z info: Received a POST request for /pasien/create
2024-05-06T13:19:01.677Z info: Received a POST request for /pasien/create
2024-05-06T13:20:36.113Z info: Received a POST request for /pasien/create
2024-05-06T13:20:43.756Z info: Received a POST request for /pasien/create
2024-05-06T13:21:41.803Z info: Berhasil terhubung ke database mongoDB
2024-05-06T13:22:02.730Z info: Received a POST request for /pasien/create
2024-05-06T13:22:54.461Z info: Berhasil terhubung ke database mongoDB
2024-05-06T13:22:59.443Z info: Received a POST request for /pasien/create
2024-05-06T13:23:56.203Z info: Received a POST request for /pasien/create
2024-05-06T13:26:08.630Z info: Berhasil terhubung ke database mongoDB
2024-05-06T13:26:11.758Z info: Received a POST request for /pasien/create
2024-05-06T13:27:14.539Z info: Received a POST request for /pasien/create
2024-05-06T13:29:08.776Z info: Received a POST request for /pasien/create
2024-05-06T13:29:28.179Z info: Received a POST request for /pasien/create
2024-05-06T13:30:12.138Z info: Berhasil terhubung ke database mongoDB
2024-05-06T13:30:13.566Z info: Received a POST request for /pasien/create
2024-05-06T13:31:41.749Z info: Received a POST request for /user/signin
2024-05-06T13:33:46.984Z info: Received a POST request for /user/signin
2024-05-06T13:33:47.167Z info: Received a GET request for /pasien/list
2024-05-06T13:34:04.871Z info: Received a GET request for /pasien/list
2024-05-06T13:34:11.869Z info: Received a GET request for /pasien/list
2024-05-06T13:34:17.393Z info: Received a POST request for /user/signin
2024-05-06T13:34:17.522Z info: Received a GET request for /pasien/list
2024-05-06T13:34:28.468Z info: Received a GET request for /pasien/list
2024-05-06T13:36:11.069Z info: Received a POST request for /user/signin
2024-05-06T13:37:51.239Z info: Received a POST request for /user/signin
2024-05-06T13:37:53.038Z info: Received a GET request for /user/list
2024-05-06T13:38:09.386Z info: Received a POST request for /user/register
2024-05-06T13:38:09.550Z info: Received a GET request for /user/list
2024-05-06T13:38:28.073Z info: Received a GET request for /user/list?filter=user
2024-05-06T13:38:46.899Z info: Received a GET request for /user/list?filter=sistem
2024-05-06T13:38:57.436Z info: Received a PUT request for /user/edit/6638dd41f4bd1f85ef6db37b
2024-05-06T13:38:57.577Z info: Received a GET request for /user/list?filter=sistem
2024-05-06T13:39:01.633Z info: Received a DELETE request for /user/delete/6638dd41f4bd1f85ef6db37b
2024-05-06T13:39:01.650Z info: Received a GET request for /user/list?filter=sistem
2024-05-06T13:48:00.966Z info: Berhasil terhubung ke database mongoDB
2024-05-06T13:48:10.031Z info: Received a POST request for /user/signin
2024-05-06T13:48:19.399Z info: Received a POST request for /pasien/create
2024-05-06T13:48:37.679Z info: Received a POST request for /pasien/create
2024-05-06T13:55:19.238Z info: Received a POST request for /pasien/create
2024-05-06T13:56:55.442Z info: Berhasil terhubung ke database mongoDB
2024-05-06T13:56:58.065Z info: Berhasil terhubung ke database mongoDB
2024-05-06T13:57:03.207Z info: Berhasil terhubung ke database mongoDB
2024-05-06T13:57:12.641Z info: Received a POST request for /pasien/create
2024-05-06T13:58:16.579Z info: Received a GET request for /pasien/create
2024-05-06T13:58:20.682Z info: Received a POST request for /pasien/create
2024-05-06T13:58:26.669Z info: Received a POST request for /create
2024-05-06T13:58:47.592Z info: Received a POST request for /pasien
2024-05-06T13:59:00.056Z info: Berhasil terhubung ke database mongoDB
2024-05-06T13:59:25.097Z info: Berhasil terhubung ke database mongoDB
2024-05-06T13:59:56.133Z info: Berhasil terhubung ke database mongoDB
2024-05-06T13:59:59.158Z info: Berhasil terhubung ke database mongoDB
2024-05-06T14:00:01.901Z info: Berhasil terhubung ke database mongoDB
2024-05-06T14:00:05.270Z info: Received a POST request for /pasien
2024-05-06T14:00:13.334Z info: Berhasil terhubung ke database mongoDB
2024-05-06T14:01:05.399Z info: Received a POST request for /pasien/create
2024-05-06T14:02:15.816Z info: Received a POST request for /pasien
2024-05-06T14:02:20.940Z info: Received a POST request for /pasien/create
2024-05-06T14:02:26.701Z info: Received a POST request for /pasien/list
2024-05-06T14:02:39.181Z info: Received a POST request for /user/list
2024-05-06T14:03:01.808Z info: Received a POST request for /user/list
2024-05-06T14:03:05.168Z info: Received a GET request for /user/list
2024-05-06T14:04:57.554Z info: Received a POST request for /user/register
2024-05-06T14:06:32.067Z info: Berhasil terhubung ke database mongoDB
2024-05-06T14:06:48.924Z info: Received a POST request for /user/register
2024-05-06T14:07:16.633Z info: Berhasil terhubung ke database mongoDB
2024-05-06T14:07:21.262Z info: Received a POST request for /pasien/create
2024-05-07T00:49:35.859Z info: Berhasil terhubung ke database mongoDB
2024-05-07T00:50:20.044Z info: Received a POST request for /user/signin
2024-05-07T00:50:26.545Z info: Received a POST request for /user/signin
2024-05-07T00:51:02.678Z info: Berhasil terhubung ke database mongoDB
2024-05-07T00:51:20.586Z info: Received a POST request for /pasien/create
2024-05-07T00:52:51.451Z info: Received a POST request for /pasien/create
2024-05-07T00:54:35.297Z info: Received a POST request for /pasien/create
2024-05-07T00:59:57.812Z info: Received a GET request for /user/list
2024-05-07T01:00:05.893Z info: Received a GET request for /user/signin
2024-05-07T01:00:13.070Z info: Received a GET request for /user/list
2024-05-07T01:00:35.432Z info: Received a GET request for /pasien/list
2024-05-07T01:00:42.805Z info: Received a POST request for /pasien/list
2024-05-07T01:03:48.522Z info: Received a POST request for /user/signin
2024-05-07T01:04:04.698Z info: Received a GET request for /user/list
2024-05-07T01:04:10.457Z info: Received a GET request for /user/list?filter=user
2024-05-07T01:04:17.878Z info: Received a GET request for /user/list?filter=sistem
2024-05-07T01:04:45.677Z info: Received a POST request for /user/signin
2024-05-07T01:05:29.834Z info: Received a POST request for /pasien/create
2024-05-07T01:06:59.477Z info: Berhasil terhubung ke database mongoDB
2024-05-07T01:07:00.671Z info: Received a POST request for /pasien/create
2024-05-07T01:07:35.485Z info: Received a GET request for /pasien/list
2024-05-07T01:10:08.344Z info: Received a GET request for /pasien/list
2024-05-07T01:13:20.733Z info: Received a POST request for /pasien/create
2024-05-07T01:19:14.272Z info: Received a POST request for /user/signin
2024-05-07T01:19:16.645Z info: Received a GET request for /user/list
2024-05-07T01:19:36.114Z info: Received a POST request for /user/login
2024-05-07T01:20:24.621Z info: Received a POST request for /user/signin
2024-05-07T01:20:46.116Z info: Received a POST request for /user/signin
2024-05-07T01:22:48.210Z info: Received a GET request for /user/list/
2024-05-07T01:23:20.271Z info: Received a GET request for /user/list/
2024-05-07T01:24:25.928Z info: Received a GET request for /pasien/list
2024-05-07T01:24:26.915Z info: Received a GET request for /pasien/list
2024-05-07T01:24:35.782Z info: Received a GET request for /user/list/
2024-05-07T01:25:43.595Z info: Received a GET request for /user/list/
2024-05-07T01:25:44.328Z info: Received a GET request for /user/list/
2024-05-07T01:25:55.596Z info: Received a GET request for /user/list/
2024-05-07T01:26:25.331Z info: Received a GET request for /user/list/
2024-05-07T01:26:29.643Z info: Received a GET request for /pasien/list/
2024-05-07T01:28:17.446Z info: Received a GET request for /pasien/list/
2024-05-07T01:28:18.651Z info: Received a GET request for /pasien/list/
2024-05-07T01:29:56.535Z info: Berhasil terhubung ke database mongoDB
2024-05-07T01:29:59.882Z info: Received a GET request for /pasien/list/
2024-05-07T01:30:00.712Z info: Received a GET request for /pasien/list/
2024-05-07T01:31:30.544Z info: Berhasil terhubung ke database mongoDB
2024-05-07T01:31:31.891Z info: Received a GET request for /pasien/list/
2024-05-07T01:33:26.897Z info: Berhasil terhubung ke database mongoDB
2024-05-07T01:33:32.695Z info: Berhasil terhubung ke database mongoDB
2024-05-07T01:33:33.793Z info: Received a GET request for /pasien/list/
2024-05-07T01:33:34.540Z info: Received a GET request for /pasien/list/
2024-05-07T01:33:35.037Z info: Received a GET request for /pasien/list/
2024-05-07T01:33:36.451Z info: Received a GET request for /pasien/list/
2024-05-07T01:34:00.983Z info: Received a GET request for /user/list/
2024-05-07T01:34:03.040Z info: Received a GET request for /pasien/list/
2024-05-07T01:34:51.405Z info: Berhasil terhubung ke database mongoDB
2024-05-07T01:34:58.204Z info: Berhasil terhubung ke database mongoDB
2024-05-07T01:35:48.853Z info: Berhasil terhubung ke database mongoDB
2024-05-07T01:35:54.979Z info: Berhasil terhubung ke database mongoDB
2024-05-07T01:36:10.140Z info: Berhasil terhubung ke database mongoDB
2024-05-07T01:36:30.593Z info: Berhasil terhubung ke database mongoDB
2024-05-07T01:36:36.658Z info: Received a GET request for /pasien/list/
2024-05-07T01:37:03.505Z info: Berhasil terhubung ke database mongoDB
2024-05-07T01:37:50.957Z info: Berhasil terhubung ke database mongoDB
2024-05-07T01:38:04.951Z info: Berhasil terhubung ke database mongoDB
2024-05-07T01:40:34.518Z info: Berhasil terhubung ke database mongoDB
2024-05-07T01:41:16.676Z info: Berhasil terhubung ke database mongoDB
2024-05-07T01:41:23.634Z info: Berhasil terhubung ke database mongoDB
2024-05-07T01:41:26.125Z info: Berhasil terhubung ke database mongoDB
2024-05-07T01:42:15.873Z info: Berhasil terhubung ke database mongoDB
2024-05-07T01:42:23.374Z info: Received a GET request for /user/list/
2024-05-07T01:42:29.173Z info: Received a GET request for /pasien/list/
2024-05-07T01:43:13.357Z info: Berhasil terhubung ke database mongoDB
2024-05-07T01:43:15.005Z info: Received a POST request for /pasien/create
2024-05-07T01:43:24.337Z info: Received a POST request for /pasien/create
2024-05-07T01:43:33.071Z info: Berhasil terhubung ke database mongoDB
2024-05-07T01:43:33.949Z info: Berhasil terhubung ke database mongoDB
2024-05-07T01:43:34.987Z info: Received a POST request for /pasien/create
2024-05-07T01:44:38.089Z info: Received a POST request for /user/signin
2024-05-07T01:44:38.382Z info: Received a GET request for /pasien/list
2024-05-07T01:45:10.264Z info: Received a POST request for /pasien/list/
2024-05-07T01:45:28.025Z info: Received a POST request for /pasien/list
2024-05-07T01:45:32.266Z info: Received a GET request for /pasien/list
2024-05-07T01:45:53.334Z info: Berhasil terhubung ke database mongoDB
2024-05-07T01:45:54.701Z info: Received a GET request for /pasien/list
2024-05-07T01:45:57.701Z info: Received a GET request for /pasien/list
2024-05-07T01:46:38.494Z info: Received a GET request for /pasien/list
2024-05-07T01:46:44.890Z info: Received a GET request for /pasien/list
2024-05-07T01:47:31.506Z info: Received a GET request for /pasien/list
2024-05-07T01:47:33.547Z info: Received a GET request for /pasien/list
2024-05-07T01:48:04.511Z info: Received a GET request for /pasien/list
2024-05-07T01:48:32.254Z info: Received a GET request for /pasien/list
2024-05-07T01:48:49.244Z info: Berhasil terhubung ke database mongoDB
2024-05-07T01:48:53.708Z info: Berhasil terhubung ke database mongoDB
2024-05-07T01:49:24.333Z info: Received a GET request for /pasien/list
2024-05-07T01:49:36.496Z info: Received a GET request for /pasien/list
2024-05-07T01:49:40.490Z info: Received a GET request for /pasien/list
2024-05-07T01:49:46.348Z info: Received a GET request for /pasien/list
2024-05-07T01:49:47.806Z info: Received a GET request for /pasien/list
2024-05-07T01:49:53.101Z info: Received a GET request for /pasien/list
2024-05-07T01:49:58.488Z info: Received a GET request for /pasien/list
2024-05-07T01:50:36.501Z info: Received a GET request for /pasien/list
2024-05-07T01:50:38.884Z info: Received a GET request for /pasien/list
2024-05-07T01:51:09.384Z info: Received a GET request for /pasien/list
2024-05-07T01:51:10.461Z info: Received a GET request for /pasien/list
2024-05-07T01:51:11.063Z info: Received a GET request for /pasien/list
2024-05-07T01:51:18.498Z info: Received a GET request for /pasien/list
2024-05-07T01:51:51.512Z info: Received a GET request for /pasien/list
2024-05-07T01:52:01.063Z info: Received a GET request for /pasien/list
2024-05-07T01:52:23.537Z info: Berhasil terhubung ke database mongoDB
2024-05-07T01:53:03.573Z info: Berhasil terhubung ke database mongoDB
2024-05-07T01:53:11.244Z info: Berhasil terhubung ke database mongoDB
2024-05-07T01:54:49.511Z info: Received a GET request for /pasien/list
2024-05-07T01:54:50.699Z info: Received a GET request for /pasien/list
2024-05-07T01:54:53.047Z info: Received a PUT request for /pasien/update/663987466e01eb1e38bbccc8
2024-05-07T01:54:55.720Z info: Received a GET request for /pasien/list
2024-05-07T01:54:56.300Z info: Received a GET request for /pasien/list
2024-05-07T01:55:02.566Z info: Received a PUT request for /pasien/update/663987466e01eb1e38bbccc8
2024-05-07T01:55:04.020Z info: Received a GET request for /pasien/list
2024-05-07T01:55:38.504Z info: Received a GET request for /pasien/list
2024-05-07T01:55:48.504Z info: Received a GET request for /pasien/list
2024-05-07T01:55:51.730Z info: Received a PUT request for /pasien/update/663987466e01eb1e38bbccc8
2024-05-07T01:55:54.467Z info: Received a PUT request for /pasien/update/663987466e01eb1e38bbccc8
2024-05-07T01:56:55.937Z info: Received a GET request for /pasien/list
2024-05-07T01:56:58.919Z info: Received a PUT request for /pasien/update/663987466e01eb1e38bbccc8
2024-05-07T01:57:01.415Z info: Received a PUT request for /pasien/update/663987466e01eb1e38bbccc8
2024-05-07T01:57:02.908Z info: Received a GET request for /pasien/list
2024-05-07T01:57:04.804Z info: Received a GET request for /pasien/list
2024-05-07T01:57:14.495Z info: Received a GET request for /pasien/list
2024-05-07T01:58:14.503Z info: Received a GET request for /pasien/list
2024-05-07T01:59:15.487Z info: Received a GET request for /pasien/list
2024-05-07T01:59:40.510Z info: Received a GET request for /pasien/list
2024-05-07T01:59:41.800Z info: Received a PUT request for /pasien/update/663987466e01eb1e38bbccc8
2024-05-07T01:59:44.974Z info: Received a GET request for /pasien/list
2024-05-07T02:00:44.982Z info: Received a GET request for /pasien/list
2024-05-07T02:01:45.496Z info: Received a GET request for /pasien/list
2024-05-07T02:02:02.358Z info: Berhasil terhubung ke database mongoDB
2024-05-07T02:02:10.275Z info: Berhasil terhubung ke database mongoDB
2024-05-07T02:02:45.501Z info: Received a GET request for /pasien/list
2024-05-07T02:02:47.473Z info: Berhasil terhubung ke database mongoDB
2024-05-07T02:02:49.785Z info: Received a GET request for /pasien/list
2024-05-07T02:02:55.246Z info: Berhasil terhubung ke database mongoDB
2024-05-07T02:03:01.514Z info: Received a GET request for /pasien/list
2024-05-07T02:04:00.495Z info: Received a GET request for /pasien/list
2024-05-07T02:04:02.480Z info: Received a GET request for /pasien/list
2024-05-07T02:04:04.461Z info: Received a GET request for /pasien/list
2024-05-07T02:05:04.494Z info: Received a GET request for /pasien/list
2024-05-07T02:05:20.507Z info: Received a GET request for /pasien/list
2024-05-07T02:05:22.653Z info: Received a GET request for /pasien/list
2024-05-07T02:06:23.500Z info: Received a GET request for /pasien/list
2024-05-07T02:07:54.543Z info: Received a GET request for /pasien/list
2024-05-07T02:07:56.796Z info: Received a PUT request for /pasien/update/66398b189f7c04f266ccb9e8
2024-05-07T02:08:00.806Z info: Received a GET request for /pasien/list
2024-05-07T02:08:28.502Z info: Received a GET request for /pasien/list
2024-05-07T02:08:31.238Z info: Received a PUT request for /pasien/update/66398b189f7c04f266ccb9e8
2024-05-07T02:08:35.505Z info: Received a GET request for /pasien/list
2024-05-07T02:08:41.237Z info: Received a GET request for /pasien/list
2024-05-07T02:08:46.523Z info: Received a GET request for /pasien/list
2024-05-07T02:08:53.491Z info: Received a GET request for /pasien/list
2024-05-07T02:08:58.569Z info: Received a GET request for /pasien/list
2024-05-07T02:09:05.501Z info: Received a GET request for /pasien/list
2024-05-07T02:09:11.500Z info: Received a GET request for /pasien/list
2024-05-07T02:09:17.494Z info: Received a GET request for /pasien/list
2024-05-07T02:09:23.495Z info: Received a GET request for /pasien/list
2024-05-07T02:09:29.499Z info: Received a GET request for /pasien/list
2024-05-07T02:09:35.502Z info: Received a GET request for /pasien/list
2024-05-07T02:09:41.492Z info: Received a GET request for /pasien/list
2024-05-07T02:09:47.487Z info: Received a GET request for /pasien/list
2024-05-07T02:09:53.504Z info: Received a GET request for /pasien/list
2024-05-07T02:09:59.490Z info: Received a GET request for /pasien/list
2024-05-07T02:10:05.495Z info: Received a GET request for /pasien/list
2024-05-07T02:11:05.513Z info: Received a GET request for /pasien/list
2024-05-07T02:11:10.522Z info: Received a GET request for /pasien/list
2024-05-07T02:11:12.202Z info: Received a GET request for /pasien/list
2024-05-07T02:11:14.405Z info: Received a PUT request for /pasien/update/66398b189f7c04f266ccb9e8
2024-05-07T02:11:18.222Z info: Received a GET request for /pasien/list
2024-05-07T02:11:19.203Z info: Received a GET request for /pasien/list
2024-05-07T02:11:25.494Z info: Received a GET request for /pasien/list
2024-05-07T02:11:31.507Z info: Received a GET request for /pasien/list
2024-05-07T02:11:37.205Z info: Received a GET request for /pasien/list
2024-05-07T02:11:43.502Z info: Received a GET request for /pasien/list
2024-05-07T02:11:49.494Z info: Received a GET request for /pasien/list
2024-05-07T02:11:55.502Z info: Received a GET request for /pasien/list
2024-05-07T02:11:57.501Z info: Received a GET request for /pasien/list
2024-05-07T02:12:04.494Z info: Received a GET request for /pasien/list
2024-05-07T02:12:05.865Z info: Received a GET request for /pasien/list
2024-05-07T02:12:22.504Z info: Received a GET request for /pasien/list
2024-05-07T02:12:43.497Z info: Received a GET request for /pasien/list
2024-05-07T02:13:43.514Z info: Received a GET request for /pasien/list
2024-05-07T02:14:43.516Z info: Received a GET request for /pasien/list
2024-05-07T02:15:43.507Z info: Received a GET request for /pasien/list
2024-05-07T02:16:43.503Z info: Received a GET request for /pasien/list
2024-05-07T02:17:43.512Z info: Received a GET request for /pasien/list
2024-05-07T02:18:43.508Z info: Received a GET request for /pasien/list
2024-05-07T02:19:43.503Z info: Received a GET request for /pasien/list
2024-05-07T02:20:43.507Z info: Received a GET request for /pasien/list
2024-05-07T02:21:43.511Z info: Received a GET request for /pasien/list
2024-05-07T02:22:43.501Z info: Received a GET request for /pasien/list
2024-05-07T02:23:43.504Z info: Received a GET request for /pasien/list
2024-05-07T02:24:43.514Z info: Received a GET request for /pasien/list
2024-05-07T02:25:43.512Z info: Received a GET request for /pasien/list
2024-05-07T02:26:43.515Z info: Received a GET request for /pasien/list
2024-05-07T02:27:06.861Z info: Received a PUT request for /pasien/update/66398b189f7c04f266ccb9e8
2024-05-07T02:27:21.107Z info: Received a POST request for /user/signin
2024-05-07T02:43:04.490Z info: Received a POST request for /user/signin
2024-05-07T02:43:39.504Z info: Received a GET request for /pasien/list
2024-05-07T02:43:42.059Z info: Received a GET request for /pasien/list
2024-05-07T02:43:50.500Z info: Received a GET request for /pasien/list
2024-05-07T02:44:00.507Z info: Received a GET request for /pasien/list
2024-05-07T02:44:02.748Z info: Received a GET request for /pasien/list
2024-05-07T02:44:15.500Z info: Received a GET request for /pasien/list
2024-05-07T02:44:50.496Z info: Received a GET request for /pasien/list
2024-05-07T02:45:41.499Z info: Received a GET request for /pasien/list
2024-05-07T02:46:02.495Z info: Received a GET request for /pasien/list
2024-05-07T02:46:09.491Z info: Received a GET request for /pasien/list
2024-05-07T02:46:15.498Z info: Received a GET request for /pasien/list
2024-05-07T02:46:22.498Z info: Received a GET request for /pasien/list
2024-05-07T02:47:15.503Z info: Received a GET request for /pasien/list
2024-05-07T02:48:05.508Z info: Received a GET request for /pasien/list
2024-05-07T02:48:12.501Z info: Received a GET request for /pasien/list
2024-05-07T02:49:01.510Z info: Received a GET request for /pasien/list
2024-05-07T02:49:02.989Z info: Received a GET request for /pasien/list
2024-05-07T02:49:07.496Z info: Received a GET request for /pasien/list
2024-05-07T02:49:58.503Z info: Received a GET request for /pasien/list
2024-05-07T02:51:02.495Z info: Received a GET request for /pasien/list
2024-05-07T02:51:05.391Z info: Received a GET request for /pasien/list
2024-05-07T02:51:08.257Z info: Received a GET request for /pasien/list
2024-05-07T02:51:09.616Z info: Received a GET request for /pasien/list
2024-05-07T02:52:08.499Z info: Received a GET request for /pasien/list
2024-05-07T02:52:09.991Z info: Received a GET request for /pasien/list
2024-05-07T02:53:26.315Z info: Received a GET request for /pasien/list
2024-05-07T02:53:38.523Z info: Received a GET request for /pasien/list
2024-05-07T02:53:39.209Z info: Received a GET request for /pasien/list
2024-05-07T02:53:39.614Z info: Received a GET request for /pasien/list
2024-05-07T02:53:39.883Z info: Received a GET request for /pasien/list
2024-05-07T02:53:40.114Z info: Received a GET request for /pasien/list
2024-05-07T02:53:40.508Z info: Received a GET request for /pasien/list
2024-05-07T02:53:42.517Z info: Received a GET request for /pasien/list
2024-05-07T02:53:46.113Z info: Received a GET request for /pasien/list
2024-05-07T02:53:53.530Z info: Received a GET request for /pasien/list
2024-05-07T02:53:55.030Z info: Received a GET request for /pasien/list
2024-05-07T02:53:55.422Z info: Received a GET request for /pasien/list
2024-05-07T02:53:55.761Z info: Received a GET request for /pasien/list
2024-05-07T02:53:56.245Z info: Received a GET request for /pasien/list
2024-05-07T02:53:56.425Z info: Received a GET request for /pasien/list
2024-05-07T02:53:56.607Z info: Received a GET request for /pasien/list
2024-05-07T02:54:08.543Z info: Received a POST request for /user/signin
2024-05-07T02:54:08.634Z info: Received a GET request for /pasien/list
2024-05-07T02:54:12.518Z info: Received a GET request for /pasien/list
2024-05-07T02:54:15.505Z info: Received a GET request for /pasien/list
2024-05-07T02:54:16.280Z info: Received a GET request for /pasien/list
2024-05-07T02:54:21.225Z info: Received a GET request for /pasien/list
2024-05-07T02:55:38.534Z info: Received a GET request for /pasien/list
2024-05-07T02:55:39.950Z info: Received a GET request for /pasien/list
2024-05-07T02:55:40.397Z info: Received a GET request for /pasien/list
2024-05-07T02:55:40.681Z info: Received a GET request for /pasien/list
2024-05-07T02:55:40.854Z info: Received a GET request for /pasien/list
2024-05-07T02:55:41.036Z info: Received a GET request for /pasien/list
2024-05-07T02:55:46.496Z info: Received a GET request for /pasien/list
2024-05-07T02:56:33.421Z info: Received a GET request for /pasien/list
2024-05-07T02:57:30.492Z info: Received a GET request for /pasien/list
2024-05-07T02:59:11.518Z info: Received a GET request for /pasien/list
2024-05-07T02:59:13.167Z info: Received a GET request for /pasien/list
2024-05-07T02:59:59.505Z info: Received a GET request for /pasien/list
2024-05-07T03:00:24.492Z info: Received a GET request for /pasien/list
2024-05-07T03:00:26.455Z info: Received a GET request for /pasien/list
2024-05-07T03:02:16.501Z info: Received a GET request for /pasien/list
2024-05-07T03:02:36.496Z info: Received a GET request for /pasien/list
2024-05-07T03:02:50.502Z info: Received a GET request for /pasien/list
2024-05-07T03:02:55.128Z info: Received a GET request for /pasien/list
2024-05-07T03:03:28.548Z info: Received a GET request for /pasien/list
2024-05-07T03:03:36.349Z info: Received a GET request for /pasien/list
2024-05-07T03:03:45.496Z info: Received a GET request for /pasien/list
2024-05-07T03:04:11.496Z info: Received a GET request for /pasien/list
2024-05-07T03:05:17.505Z info: Received a GET request for /pasien/list
2024-05-07T03:05:54.494Z info: Received a GET request for /pasien/list
2024-05-07T03:05:58.500Z info: Received a GET request for /pasien/list
2024-05-07T03:07:09.505Z info: Received a GET request for /pasien/list
2024-05-07T03:07:36.496Z info: Received a GET request for /pasien/list
2024-05-07T03:07:53.305Z info: Received a GET request for /pasien/list
2024-05-07T03:07:58.493Z info: Received a GET request for /pasien/list
2024-05-07T03:08:01.955Z info: Received a GET request for /pasien/list
2024-05-07T03:08:03.204Z info: Received a GET request for /pasien/list
2024-05-07T03:08:35.498Z info: Received a GET request for /pasien/list
2024-05-07T03:08:45.508Z info: Received a GET request for /pasien/list
2024-05-07T03:08:50.503Z info: Received a GET request for /pasien/list
2024-05-07T03:09:00.213Z info: Received a GET request for /pasien/list
2024-05-07T03:09:00.826Z info: Received a GET request for /pasien/list
2024-05-07T03:10:39.076Z info: Berhasil terhubung ke database mongoDB
2024-05-07T03:12:11.546Z info: Received a GET request for /pasien/list
2024-05-07T03:13:20.103Z info: Berhasil terhubung ke database mongoDB
2024-05-07T03:13:31.153Z info: Received a POST request for /pasien/update
2024-05-07T03:13:32.697Z info: Received a POST request for /pasien/update
2024-05-07T03:13:33.354Z info: Received a POST request for /pasien/update
2024-05-07T03:13:33.523Z info: Received a POST request for /pasien/update
2024-05-07T03:13:33.673Z info: Received a POST request for /pasien/update
2024-05-07T03:13:33.841Z info: Received a POST request for /pasien/update
2024-05-07T03:13:34.030Z info: Received a POST request for /pasien/update
2024-05-07T03:13:34.221Z info: Received a POST request for /pasien/update
2024-05-07T03:13:34.437Z info: Received a POST request for /pasien/update
2024-05-07T03:13:44.693Z info: Received a POST request for /pasien/update
2024-05-07T03:14:18.953Z info: Received a POST request for /user/signin
2024-05-07T03:14:33.355Z info: Received a POST request for /pasien/create
2024-05-07T03:14:52.364Z info: Received a POST request for /user/signin
2024-05-07T03:14:52.491Z info: Received a GET request for /pasien/list
2024-05-07T03:15:53.501Z info: Received a GET request for /pasien/list
2024-05-07T03:16:53.502Z info: Received a GET request for /pasien/list
2024-05-07T03:17:53.488Z info: Received a GET request for /pasien/list
2024-05-07T03:18:13.323Z info: Berhasil terhubung ke database mongoDB
2024-05-07T03:18:53.523Z info: Received a GET request for /pasien/list
2024-05-07T03:20:02.725Z info: Berhasil terhubung ke database mongoDB
2024-05-07T03:20:05.499Z info: Received a GET request for /pasien/list
2024-05-07T03:21:05.496Z info: Received a GET request for /pasien/list
2024-05-07T03:21:34.013Z info: Received a PUT request for /pasien/update/66399c99c7d190a21b88bcfe
2024-05-07T03:21:53.501Z info: Received a GET request for /pasien/list
2024-05-07T03:21:58.926Z info: Received a GET request for /pasien/list
2024-05-07T03:22:04.411Z info: Received a POST request for /user/signin
2024-05-07T03:22:04.624Z info: Received a GET request for /pasien/list
2024-05-07T03:23:10.506Z info: Received a GET request for /pasien/list
2024-05-07T03:24:07.503Z info: Received a GET request for /pasien/list
2024-05-07T03:24:16.057Z info: Received a PUT request for /pasien/update/66398b189f7c04f266ccb9e8
2024-05-07T03:24:18.420Z info: Received a GET request for /pasien/list
2024-05-07T03:24:22.499Z info: Received a GET request for /pasien/list
2024-05-07T03:24:53.501Z info: Received a GET request for /pasien/list
2024-05-07T03:24:57.358Z info: Received a PUT request for /pasien/update/66398b189f7c04f266ccb9e8
2024-05-07T03:25:48.503Z info: Received a GET request for /pasien/list
2024-05-07T03:25:57.503Z info: Received a GET request for /pasien/list
2024-05-07T03:26:06.498Z info: Received a GET request for /pasien/list
2024-05-07T03:26:11.889Z info: Received a PUT request for /pasien/update/66398b189f7c04f266ccb9e8
2024-05-07T03:27:34.505Z info: Received a GET request for /pasien/list
2024-05-07T03:27:45.419Z info: Received a PUT request for /pasien/update/66398b189f7c04f266ccb9e8
2024-05-07T03:27:50.115Z info: Received a GET request for /pasien/list
2024-05-07T03:27:50.845Z info: Received a GET request for /pasien/list
2024-05-07T03:27:51.109Z info: Received a GET request for /pasien/list
2024-05-07T03:27:51.292Z info: Received a GET request for /pasien/list
2024-05-07T03:27:51.472Z info: Received a GET request for /pasien/list
2024-05-07T03:27:51.646Z info: Received a GET request for /pasien/list
2024-05-07T03:27:51.818Z info: Received a GET request for /pasien/list
2024-05-07T03:27:51.979Z info: Received a GET request for /pasien/list
2024-05-07T03:28:06.026Z info: Berhasil terhubung ke database mongoDB
2024-05-07T03:28:13.481Z info: Received a PUT request for /pasien/update/66398b189f7c04f266ccb9e8
2024-05-07T03:28:14.553Z info: Received a PUT request for /pasien/update/66398b189f7c04f266ccb9e8
2024-05-07T03:28:14.991Z info: Received a PUT request for /pasien/update/66398b189f7c04f266ccb9e8
2024-05-07T03:28:35.832Z info: Berhasil terhubung ke database mongoDB
2024-05-07T03:28:37.382Z info: Received a PUT request for /pasien/update/66398b189f7c04f266ccb9e8
2024-05-07T03:28:55.612Z info: Received a GET request for /pasien/list
2024-05-07T03:28:58.821Z info: Received a GET request for /pasien/list
2024-05-07T03:29:00.260Z info: Received a GET request for /pasien/list
2024-05-07T03:29:02.846Z info: Received a GET request for /pasien/list
2024-05-07T03:29:32.557Z info: Received a PUT request for /pasien/update/66398b189f7c04f266ccb9e8
2024-05-07T03:29:36.790Z info: Received a GET request for /pasien/list
2024-05-07T03:30:39.506Z info: Received a GET request for /pasien/list
2024-05-07T03:30:42.601Z info: Received a GET request for /pasien/list
2024-05-07T03:30:50.529Z info: Received a PUT request for /pasien/update/66398b189f7c04f266ccb9e8
2024-05-07T03:30:56.706Z info: Received a GET request for /pasien/list
2024-05-07T03:31:11.498Z info: Received a GET request for /pasien/list
2024-05-07T03:31:32.492Z info: Received a GET request for /pasien/list
2024-05-07T03:31:35.939Z info: Received a GET request for /pasien/list
2024-05-07T03:31:46.759Z info: Berhasil terhubung ke database mongoDB
2024-05-07T03:31:49.828Z info: Berhasil terhubung ke database mongoDB
